<?xml version="1.0" encoding="UTF-8" standalone="no"?><testsuite errors="0" failures="2" name="Cart" skipped="0" tests="12" time="0.95" timestamp="2024-05-13 10:17:04"><testcase name="As a user, I can get all carts"/><testcase name="As a user, I can get single cart"/><testcase name="As a user, I can limit cart result"/><testcase name="As a user, I can sort carts by descending"/><testcase name="As a user, I can sort carts by ascending"/><testcase name="As a user, I can get other user carts"/><testcase name="As a user, I can get carts by date range"/><testcase name="As a user, I can add new cart"/><testcase name="As a user, I cannot add new cart with empty fields"><failure message="1 expectation failed.&#10;Expected status code &lt;400&gt; but was &lt;200&gt;.&#10;" type="java.lang.AssertionError">1 expectation failed.
Expected status code &lt;400&gt; but was &lt;200&gt;.
</failure><system-err>1 expectation failed.
Expected status code &lt;400&gt; but was &lt;200&gt;.

io.restassured.internal.ResponseSpecificationImpl.validateResponseIfRequired(ResponseSpecificationImpl.groovy:696)
io.restassured.internal.ResponseSpecificationImpl.this$2$validateResponseIfRequired(ResponseSpecificationImpl.groovy)
io.restassured.internal.ResponseSpecificationImpl.statusCode(ResponseSpecificationImpl.groovy:135)
io.restassured.internal.ResponseSpecificationImpl.statusCode(ResponseSpecificationImpl.groovy:143)
io.restassured.internal.ValidatableResponseOptionsImpl.statusCode(ValidatableResponseOptionsImpl.java:89)
starter.login.login.lambda$statusCode400$2(login.java:54)
net.serenitybdd.rest.SerenityRest.restAssuredThat(SerenityRest.java:626)
starter.login.login.statusCode400(login.java:54)
starter.stepdefinitions.loginSteps.statusCode400(loginSteps.java:41)
</system-err></testcase><testcase name="As a user, I can update a cart"/><testcase name="As a user, I cannot update cart with empty fields"><failure message="1 expectation failed.&#10;Expected status code &lt;400&gt; but was &lt;200&gt;.&#10;" type="java.lang.AssertionError">1 expectation failed.
Expected status code &lt;400&gt; but was &lt;200&gt;.
</failure><system-err>1 expectation failed.
Expected status code &lt;400&gt; but was &lt;200&gt;.

io.restassured.internal.ResponseSpecificationImpl.validateResponseIfRequired(ResponseSpecificationImpl.groovy:696)
io.restassured.internal.ResponseSpecificationImpl.this$2$validateResponseIfRequired(ResponseSpecificationImpl.groovy)
io.restassured.internal.ResponseSpecificationImpl.statusCode(ResponseSpecificationImpl.groovy:135)
io.restassured.internal.ResponseSpecificationImpl.statusCode(ResponseSpecificationImpl.groovy:143)
io.restassured.internal.ValidatableResponseOptionsImpl.statusCode(ValidatableResponseOptionsImpl.java:89)
starter.login.login.lambda$statusCode400$2(login.java:54)
net.serenitybdd.rest.SerenityRest.restAssuredThat(SerenityRest.java:626)
starter.login.login.statusCode400(login.java:54)
starter.stepdefinitions.loginSteps.statusCode400(loginSteps.java:41)
</system-err></testcase><testcase name="As a user, I can delete a cart"/></testsuite>