<?xml version="1.0" encoding="UTF-8" standalone="no"?><testsuite errors="0" failures="0" name="Login" skipped="0" tests="5" time="0.05" timestamp="2024-05-13 10:17:30"><testcase name="As a user, I can login with valid credentials"/><testcase name="As a user, I cannot login with invalid username"/><testcase name="As a user, I cannot login with invalid password"/><testcase name="As a user, I cannot login with empty username"/><testcase name="As a user, I cannot login with empty password"/></testsuite>